<?xml version="1.0" encoding="UTF-8" ?>
<testsuite tests="1" failures="0" name="org.seckill.service.impl.SeckillServiceImplTest" time="0.511" errors="0" skipped="0">
  <properties>
    <property name="idea.version" value="2017.2.5"/>
    <property name="java.runtime.name" value="Java(TM) SE Runtime Environment"/>
    <property name="sun.boot.library.path" value="/Library/Java/JavaVirtualMachines/jdk1.8.0_91.jdk/Contents/Home/jre/lib"/>
    <property name="java.vm.version" value="25.91-b14"/>
    <property name="gopherProxySet" value="false"/>
    <property name="java.vm.vendor" value="Oracle Corporation"/>
    <property name="maven.multiModuleProjectDirectory" value="/Users/zzqtidy/Development/Java/seckill"/>
    <property name="java.vendor.url" value="http://java.oracle.com/"/>
    <property name="path.separator" value=":"/>
    <property name="guice.disable.misplaced.annotation.check" value="true"/>
    <property name="java.vm.name" value="Java HotSpot(TM) 64-Bit Server VM"/>
    <property name="file.encoding.pkg" value="sun.io"/>
    <property name="user.country" value="CN"/>
    <property name="sun.java.launcher" value="SUN_STANDARD"/>
    <property name="sun.os.patch.level" value="unknown"/>
    <property name="test" value="org.seckill.service.impl.SeckillServiceImplTest#executeSeckill"/>
    <property name="java.vm.specification.name" value="Java Virtual Machine Specification"/>
    <property name="user.dir" value="/Users/zzqtidy/Development/Java/seckill"/>
    <property name="forkCount" value="0"/>
    <property name="java.runtime.version" value="1.8.0_91-b14"/>
    <property name="java.awt.graphicsenv" value="sun.awt.CGraphicsEnvironment"/>
    <property name="basedir" value="/Users/zzqtidy/Development/Java/seckill"/>
    <property name="java.endorsed.dirs" value="/Library/Java/JavaVirtualMachines/jdk1.8.0_91.jdk/Contents/Home/jre/lib/endorsed"/>
    <property name="os.arch" value="x86_64"/>
    <property name="java.io.tmpdir" value="/var/folders/4p/4jsrymxn3bq7q5x7kp4rh7jc0000gn/T/"/>
    <property name="line.separator" value="
"/>
    <property name="java.vm.specification.vendor" value="Oracle Corporation"/>
    <property name="os.name" value="Mac OS X"/>
    <property name="reuseForks" value="false"/>
    <property name="classworlds.conf" value="/Users/zzqtidy/Development/Tools/apache-maven-3.5.0/bin/m2.conf"/>
    <property name="sun.jnu.encoding" value="UTF-8"/>
    <property name="java.library.path" value="/Users/zzqtidy/Library/Java/Extensions:/Library/Java/Extensions:/Network/Library/Java/Extensions:/System/Library/Java/Extensions:/usr/lib/java:."/>
    <property name="surefire.test.class.path" value="/Users/zzqtidy/Development/Java/seckill/target/test-classes:/Users/zzqtidy/Development/Java/seckill/target/classes:/Users/zzqtidy/Development/Tools/m2/mavenRepository/junit/junit/4.11/junit-4.11.jar:/Users/zzqtidy/Development/Tools/m2/mavenRepository/org/hamcrest/hamcrest-core/1.3/hamcrest-core-1.3.jar:/Users/zzqtidy/Development/Tools/m2/mavenRepository/org/slf4j/slf4j-api/1.7.5/slf4j-api-1.7.5.jar:/Users/zzqtidy/Development/Tools/m2/mavenRepository/ch/qos/logback/logback-core/1.1.1/logback-core-1.1.1.jar:/Users/zzqtidy/Development/Tools/m2/mavenRepository/ch/qos/logback/logback-classic/1.1.1/logback-classic-1.1.1.jar:/Users/zzqtidy/Development/Tools/m2/mavenRepository/mysql/mysql-connector-java/5.1.35/mysql-connector-java-5.1.35.jar:/Users/zzqtidy/Development/Tools/m2/mavenRepository/c3p0/c3p0/0.9.1.2/c3p0-0.9.1.2.jar:/Users/zzqtidy/Development/Tools/m2/mavenRepository/org/mybatis/mybatis/3.3.0/mybatis-3.3.0.jar:/Users/zzqtidy/Development/Tools/m2/mavenRepository/org/mybatis/mybatis-spring/1.2.3/mybatis-spring-1.2.3.jar:/Users/zzqtidy/Development/Tools/m2/mavenRepository/taglibs/standard/1.1.2/standard-1.1.2.jar:/Users/zzqtidy/Development/Tools/m2/mavenRepository/jstl/jstl/1.2/jstl-1.2.jar:/Users/zzqtidy/Development/Tools/m2/mavenRepository/com/fasterxml/jackson/core/jackson-databind/2.5.4/jackson-databind-2.5.4.jar:/Users/zzqtidy/Development/Tools/m2/mavenRepository/com/fasterxml/jackson/core/jackson-annotations/2.5.0/jackson-annotations-2.5.0.jar:/Users/zzqtidy/Development/Tools/m2/mavenRepository/com/fasterxml/jackson/core/jackson-core/2.5.4/jackson-core-2.5.4.jar:/Users/zzqtidy/Development/Tools/m2/mavenRepository/javax/servlet/javax.servlet-api/3.1.0/javax.servlet-api-3.1.0.jar:/Users/zzqtidy/Development/Tools/m2/mavenRepository/org/springframework/spring-core/4.1.7.RELEASE/spring-core-4.1.7.RELEASE.jar:/Users/zzqtidy/Development/Tools/m2/mavenRepository/commons-logging/commons-logging/1.2/commons-logging-1.2.jar:/Users/zzqtidy/Development/Tools/m2/mavenRepository/org/springframework/spring-beans/4.1.7.RELEASE/spring-beans-4.1.7.RELEASE.jar:/Users/zzqtidy/Development/Tools/m2/mavenRepository/org/springframework/spring-context/4.1.7.RELEASE/spring-context-4.1.7.RELEASE.jar:/Users/zzqtidy/Development/Tools/m2/mavenRepository/org/springframework/spring-aop/4.1.7.RELEASE/spring-aop-4.1.7.RELEASE.jar:/Users/zzqtidy/Development/Tools/m2/mavenRepository/aopalliance/aopalliance/1.0/aopalliance-1.0.jar:/Users/zzqtidy/Development/Tools/m2/mavenRepository/org/springframework/spring-expression/4.1.7.RELEASE/spring-expression-4.1.7.RELEASE.jar:/Users/zzqtidy/Development/Tools/m2/mavenRepository/org/springframework/spring-jdbc/4.1.7.RELEASE/spring-jdbc-4.1.7.RELEASE.jar:/Users/zzqtidy/Development/Tools/m2/mavenRepository/org/springframework/spring-tx/4.1.7.RELEASE/spring-tx-4.1.7.RELEASE.jar:/Users/zzqtidy/Development/Tools/m2/mavenRepository/org/springframework/spring-web/4.1.7.RELEASE/spring-web-4.1.7.RELEASE.jar:/Users/zzqtidy/Development/Tools/m2/mavenRepository/org/springframework/spring-webmvc/4.1.7.RELEASE/spring-webmvc-4.1.7.RELEASE.jar:/Users/zzqtidy/Development/Tools/m2/mavenRepository/org/springframework/spring-test/4.1.7.RELEASE/spring-test-4.1.7.RELEASE.jar:"/>
    <property name="maven.conf" value="/Users/zzqtidy/Development/Tools/apache-maven-3.5.0/conf"/>
    <property name="java.class.version" value="52.0"/>
    <property name="java.specification.name" value="Java Platform API Specification"/>
    <property name="sun.management.compiler" value="HotSpot 64-Bit Tiered Compilers"/>
    <property name="os.version" value="10.10.5"/>
    <property name="http.nonProxyHosts" value="local|*.local|169.254/16|*.169.254/16"/>
    <property name="library.jansi.path" value="/Users/zzqtidy/Development/Tools/apache-maven-3.5.0/lib/jansi-native/osx64"/>
    <property name="user.home" value="/Users/zzqtidy"/>
    <property name="user.timezone" value="Asia/Chongqing"/>
    <property name="java.awt.printerjob" value="sun.lwawt.macosx.CPrinterJob"/>
    <property name="java.specification.version" value="1.8"/>
    <property name="file.encoding" value="UTF-8"/>
    <property name="user.name" value="zzqtidy"/>
    <property name="java.class.path" value="/Users/zzqtidy/Development/Tools/apache-maven-3.5.0/boot/plexus-classworlds-2.5.2.jar:/Applications/IntelliJ IDEA.app/Contents/lib/idea_rt.jar"/>
    <property name="java.vm.specification.version" value="1.8"/>
    <property name="sun.arch.data.model" value="64"/>
    <property name="java.home" value="/Library/Java/JavaVirtualMachines/jdk1.8.0_91.jdk/Contents/Home/jre"/>
    <property name="sun.java.command" value="org.codehaus.classworlds.Launcher -Didea.version=2017.2.5 -Dtest=org.seckill.service.impl.SeckillServiceImplTest#executeSeckill test-compile surefire:test -DforkMode=never -DforkCount=0 -DreuseForks=false"/>
    <property name="java.specification.vendor" value="Oracle Corporation"/>
    <property name="user.language" value="zh"/>
    <property name="awt.toolkit" value="sun.lwawt.macosx.LWCToolkit"/>
    <property name="java.vm.info" value="mixed mode"/>
    <property name="java.version" value="1.8.0_91"/>
    <property name="java.ext.dirs" value="/Users/zzqtidy/Library/Java/Extensions:/Library/Java/JavaVirtualMachines/jdk1.8.0_91.jdk/Contents/Home/jre/lib/ext:/Library/Java/Extensions:/Network/Library/Java/Extensions:/System/Library/Java/Extensions:/usr/lib/java"/>
    <property name="sun.boot.class.path" value="/Library/Java/JavaVirtualMachines/jdk1.8.0_91.jdk/Contents/Home/jre/lib/resources.jar:/Library/Java/JavaVirtualMachines/jdk1.8.0_91.jdk/Contents/Home/jre/lib/rt.jar:/Library/Java/JavaVirtualMachines/jdk1.8.0_91.jdk/Contents/Home/jre/lib/sunrsasign.jar:/Library/Java/JavaVirtualMachines/jdk1.8.0_91.jdk/Contents/Home/jre/lib/jsse.jar:/Library/Java/JavaVirtualMachines/jdk1.8.0_91.jdk/Contents/Home/jre/lib/jce.jar:/Library/Java/JavaVirtualMachines/jdk1.8.0_91.jdk/Contents/Home/jre/lib/charsets.jar:/Library/Java/JavaVirtualMachines/jdk1.8.0_91.jdk/Contents/Home/jre/lib/jfr.jar:/Library/Java/JavaVirtualMachines/jdk1.8.0_91.jdk/Contents/Home/jre/classes"/>
    <property name="java.vendor" value="Oracle Corporation"/>
    <property name="maven.home" value="/Users/zzqtidy/Development/Tools/apache-maven-3.5.0"/>
    <property name="localRepository" value="/Users/zzqtidy/Development/Tools/m2/mavenRepository"/>
    <property name="file.separator" value="/"/>
    <property name="java.vendor.url.bug" value="http://bugreport.sun.com/bugreport/"/>
    <property name="forkMode" value="never"/>
    <property name="sun.cpu.endian" value="little"/>
    <property name="sun.io.unicode.encoding" value="UnicodeBig"/>
    <property name="socksNonProxyHosts" value="local|*.local|169.254/16|*.169.254/16"/>
    <property name="ftp.nonProxyHosts" value="local|*.local|169.254/16|*.169.254/16"/>
    <property name="sun.cpu.isalist" value=""/>
  </properties>
  <testcase classname="org.seckill.service.impl.SeckillServiceImplTest" name="executeSeckill" time="0.511"/>
</testsuite>